<?xml version="1.0" encoding="UTF-8"?>
<!-- Generated by org.testng.reporters.JUnitReportReporter -->
<testsuite hostname="DESKTOP-EG5QUVK" failures="0" tests="1" name="tests.ExamTest" time="18.840" errors="0" timestamp="2023-02-20T16:13:20 CST" skipped="0">
  <testcase classname="tests.ExamTest" name="addCategoryTest" time="18.840"/>
  <system-out/>
</testsuite> <!-- tests.ExamTest -->
